{
  "stats": {
    "suites": 1,
    "tests": 3,
    "passes": 3,
    "pending": 0,
    "failures": 0,
    "start": "2026-06-10T14:29:41.063Z",
    "end": "2026-06-10T14:29:41.067Z",
    "duration": 4,
    "testsRegistered": 3,
    "passPercent": 100,
    "pendingPercent": 0,
    "other": 0,
    "hasOther": false,
    "skipped": 0,
    "hasSkipped": false
  },
  "results": [
    {
      "uuid": "d5ca2c75-7981-4f27-bdd3-41222b1ded62",
      "title": "",
      "fullFile": "C:\\Projetos\\QACoders\\RobotFramework\\Trabalho-de-Conclus-o-da-Disciplina\\test\\servicospagamento.test.js",
      "file": "\\test\\servicospagamento.test.js",
      "beforeHooks": [],
      "afterHooks": [],
      "tests": [],
      "suites": [
        {
          "uuid": "dcc82526-e02c-4d3a-9749-25163f77edb3",
          "title": "Classe de Serviços de Pagamentos",
          "fullFile": "C:\\Projetos\\QACoders\\RobotFramework\\Trabalho-de-Conclus-o-da-Disciplina\\test\\servicospagamento.test.js",
          "file": "\\test\\servicospagamento.test.js",
          "beforeHooks": [],
          "afterHooks": [],
          "tests": [
            {
              "title": "Validar que o pagamento é efetuado e a categoria está sinalizada como \"cara\"",
              "fullTitle": "Classe de Serviços de Pagamentos Validar que o pagamento é efetuado e a categoria está sinalizada como \"cara\"",
              "timedOut": false,
              "duration": 0,
              "state": "passed",
              "speed": "fast",
              "pass": true,
              "fail": false,
              "pending": false,
              "context": null,
              "code": "//Arrange\nconst servicoDePagamento = new ServicoDePagamento();\n//Act\nservicoDePagamento.efetuarPagamentos('0987-7656-3475', 'Grupo Poney', 150.00);\nconst pagamentos = servicoDePagamento.consultar();\nadicionarCategoria(pagamentos);\n//Assert\nassert.equal(pagamentos[0].codigoBarras, '0987-7656-3475');\nassert.equal(pagamentos[0].empresa, 'Grupo Poney');\nassert.equal(pagamentos[0].valor, 150.00);\nassert.equal(pagamentos[0].categoria, 'cara');",
              "err": {},
              "uuid": "1e8753e7-80dc-4a5e-bae8-bf9643a75e64",
              "parentUUID": "dcc82526-e02c-4d3a-9749-25163f77edb3",
              "isHook": false,
              "skipped": false
            },
            {
              "title": "Validar que o pagamento é efetuado e a categoria está sinalizada como \"padrão\"",
              "fullTitle": "Classe de Serviços de Pagamentos Validar que o pagamento é efetuado e a categoria está sinalizada como \"padrão\"",
              "timedOut": false,
              "duration": 0,
              "state": "passed",
              "speed": "fast",
              "pass": true,
              "fail": false,
              "pending": false,
              "context": null,
              "code": "//Arrange\nconst servicoDePagamento = new ServicoDePagamento();\n//Act\nservicoDePagamento.efetuarPagamentos('0110-9918-6666', 'VHomologs Consultoria', 99.99);\nconst pagamentos = servicoDePagamento.consultar();\nadicionarCategoria(pagamentos);\n//Assert\nassert.equal(pagamentos[0].codigoBarras, '0110-9918-6666');\nassert.equal(pagamentos[0].empresa, 'VHomologs Consultoria');\nassert.equal(pagamentos[0].valor, 99.99);\nassert.equal(pagamentos[0].categoria, 'padrão');",
              "err": {},
              "uuid": "c419dadb-3f6a-47c4-84bd-bd3250333359",
              "parentUUID": "dcc82526-e02c-4d3a-9749-25163f77edb3",
              "isHook": false,
              "skipped": false
            },
            {
              "title": "Validar que a última transferencia é retornada com sucesso",
              "fullTitle": "Classe de Serviços de Pagamentos Validar que a última transferencia é retornada com sucesso",
              "timedOut": false,
              "duration": 0,
              "state": "passed",
              "speed": "fast",
              "pass": true,
              "fail": false,
              "pending": false,
              "context": null,
              "code": "//Arrange\nconst servicoDePagamento = new ServicoDePagamento();\nservicoDePagamento.efetuarPagamentos('1111-2222-3333', 'Empresa X', 150);\nservicoDePagamento.efetuarPagamentos('4444-5555-6666', 'Empresa Y', 200);\n//Act\nconst pagamentos = servicoDePagamento.consultar();\nadicionarCategoria(pagamentos);\nconst ultimoPagamento = servicoDePagamento.ultimoPagamento();\n//Assert\nassert.equal(ultimoPagamento.codigoBarras, '4444-5555-6666');\nassert.equal(ultimoPagamento.empresa, 'Empresa Y');\nassert.equal(ultimoPagamento.valor, 200);\nassert.equal(ultimoPagamento.categoria, 'cara');",
              "err": {},
              "uuid": "0762855d-fc5b-46bb-b42d-91492f8044a5",
              "parentUUID": "dcc82526-e02c-4d3a-9749-25163f77edb3",
              "isHook": false,
              "skipped": false
            }
          ],
          "suites": [],
          "passes": [
            "1e8753e7-80dc-4a5e-bae8-bf9643a75e64",
            "c419dadb-3f6a-47c4-84bd-bd3250333359",
            "0762855d-fc5b-46bb-b42d-91492f8044a5"
          ],
          "failures": [],
          "pending": [],
          "skipped": [],
          "duration": 0,
          "root": false,
          "rootEmpty": false,
          "_timeout": 2000
        }
      ],
      "passes": [],
      "failures": [],
      "pending": [],
      "skipped": [],
      "duration": 0,
      "root": true,
      "rootEmpty": true,
      "_timeout": 2000
    }
  ],
  "meta": {
    "mocha": {
      "version": "11.7.5"
    },
    "mochawesome": {
      "options": {
        "quiet": false,
        "reportFilename": "index",
        "saveHtml": true,
        "saveJson": true,
        "consoleReporter": "spec",
        "useInlineDiffs": false,
        "code": true
      },
      "version": "7.1.4"
    },
    "marge": {
      "options": {
        "reportDir": "mochawesome-report",
        "reportFilename": "index"
      },
      "version": "6.3.2"
    }
  }
}